[0.000][INFO]:      ChromeDriver 23.0.1240.0 /Users/henrikhahne/Public/chromedriver
[0.602][FINE]:      Initializing session with capabilities {
   "browserName": "chrome",
   "chrome.switches": [  ],
   "chromeOptions": {
      "args": [  ],
      "extensions": [  ]
   },
   "platform": "ANY",
   "version": ""
}

[0.602][INFO]:      Launching chrome: /Applications/Google Chrome.app/Contents/MacOS/Google Chrome --enable-logging --log-level=1 --disable-hang-monitor --disable-prompt-on-repost --dom-automation --full-memory-crash-report --no-default-browser-check --no-first-run --disable-background-networking --disable-sync --disable-translate --disable-web-resources --safebrowsing-disable-auto-update --safebrowsing-disable-download-protection --disable-client-side-phishing-detection --disable-component-update --disable-default-apps --use-mock-keychain --ignore-certificate-errors about:blank
[0.947][INFO]:      Connected to Chrome successfully. Version: 27.0.1453.93
[1.005][FINE]:      Command received (/session/093fbf2d6a8153be011f0811cb2b436c)
[1.005][FINE]:      Command finished (/session/093fbf2d6a8153be011f0811cb2b436c) with response {
   "sessionId": "093fbf2d6a8153be011f0811cb2b436c",
   "status": 0,
   "value": {
      "acceptSslCerts": false,
      "applicationCacheEnabled": false,
      "browserConnectionEnabled": false,
      "browserName": "chrome",
      "chrome.chromedriverVersion": "23.0.1240.0",
      "chrome.nativeEvents": false,
      "cssSelectorsEnabled": true,
      "databaseEnabled": false,
      "handlesAlerts": true,
      "javascriptEnabled": true,
      "locationContextEnabled": false,
      "nativeEvents": true,
      "platform": "mac",
      "rotatable": false,
      "takesScreenshot": true,
      "version": "27.0.1453.93",
      "webStorageEnabled": true
   }
}

[8.800][FINE]:      Command received (/session/093fbf2d6a8153be011f0811cb2b436c/url) with params {
   "url": "http://localhost:8090/dvd-web/default.xhtml"
}

[8.800][FINER]:     Waiting for all views to stop loading...
[8.800][FINER]:     Done waiting for all views to stop loading
[17.316][FINER]:    Waiting for all views to stop loading...
[17.320][FINER]:    Done waiting for all views to stop loading
[17.320][FINE]:     Command finished (/session/093fbf2d6a8153be011f0811cb2b436c/url) with response {
   "sessionId": "093fbf2d6a8153be011f0811cb2b436c",
   "status": 0,
   "value": {

   }
}

[22.059][FINE]:     Command received (/session/093fbf2d6a8153be011f0811cb2b436c/element) with params {
   "using": "id",
   "value": "test"
}

[22.059][FINER]:    Waiting for all views to stop loading...
[22.059][FINER]:    Done waiting for all views to stop loading
[22.071][FINER]:    Waiting for all views to stop loading...
[22.071][FINER]:    Done waiting for all views to stop loading
[22.071][FINE]:     Command finished (/session/093fbf2d6a8153be011f0811cb2b436c/element) with response {
   "sessionId": "093fbf2d6a8153be011f0811cb2b436c",
   "status": 0,
   "value": {
      "ELEMENT": ":wdc:1369934501744"
   }
}

[23.871][FINE]:     Command received (/session/093fbf2d6a8153be011f0811cb2b436c/element/:wdc:1369934501744/text)
[23.871][FINER]:    Waiting for all views to stop loading...
[23.871][FINER]:    Done waiting for all views to stop loading
[23.892][FINER]:    Waiting for all views to stop loading...
[23.892][FINER]:    Done waiting for all views to stop loading
[23.892][FINE]:     Command finished (/session/093fbf2d6a8153be011f0811cb2b436c/element/:wdc:1369934501744/text) with response {
   "sessionId": "093fbf2d6a8153be011f0811cb2b436c",
   "status": 0,
   "value": "Heisann"
}

[23.895][FINE]:     Command received (/session/093fbf2d6a8153be011f0811cb2b436c)
[23.934][INFO]:     Chrome shutdown
